TN:
SF:app.js
FN:5,createApp
FN:14,(anonymous_1)
FN:29,(anonymous_2)
FN:40,(anonymous_3)
FN:54,(anonymous_4)
FN:73,(anonymous_5)
FNF:6
FNH:6
FNDA:2,createApp
FNDA:3,(anonymous_1)
FNDA:6,(anonymous_2)
FNDA:20,(anonymous_3)
FNDA:7,(anonymous_4)
FNDA:4,(anonymous_5)
DA:1,2
DA:2,2
DA:3,2
DA:6,2
DA:8,2
DA:9,2
DA:11,2
DA:14,2
DA:15,3
DA:16,3
DA:17,3
DA:18,3
DA:19,12
DA:20,12
DA:22,3
DA:24,0
DA:29,2
DA:30,6
DA:31,6
DA:32,6
DA:33,2
DA:35,0
DA:40,2
DA:41,20
DA:42,20
DA:43,20
DA:45,15
DA:46,15
DA:47,15
DA:49,0
DA:54,2
DA:55,7
DA:56,7
DA:57,7
DA:59,5
DA:60,5
DA:61,5
DA:62,5
DA:64,5
DA:65,5
DA:66,5
DA:68,0
DA:73,2
DA:74,4
DA:75,4
DA:76,4
DA:77,2
DA:79,0
DA:83,2
DA:86,2
LF:50
LH:45
BRDA:11,0,0,2
BRDA:11,0,1,0
BRDA:32,1,0,4
BRDA:32,1,1,2
BRDA:43,2,0,5
BRDA:43,2,1,15
BRDA:43,3,0,20
BRDA:43,3,1,17
BRDA:57,4,0,2
BRDA:57,4,1,5
BRDA:61,5,0,3
BRDA:61,5,1,2
BRDA:62,6,0,1
BRDA:62,6,1,4
BRDA:76,7,0,2
BRDA:76,7,1,2
BRF:16
BRH:15
end_of_record
